<?xml version="1.0" encoding="UTF-8"?>
<testng-results skipped="0" failed="1" ignored="0" total="2" passed="1">
  <reporter-output>
  </reporter-output>
  <suite name="Default suite" duration-ms="33349" started-at="2020-04-27T12:33:50 CDT" finished-at="2020-04-27T12:34:23 CDT">
    <groups>
    </groups>
    <test name="Default test" duration-ms="33349" started-at="2020-04-27T12:33:50 CDT" finished-at="2020-04-27T12:34:23 CDT">
      <class name="stay_Safe.Oliver_Baby">
        <test-method status="PASS" signature="UserWillAbleToOpenTheBrowser()[pri:0, instance:stay_Safe.Oliver_Baby@4b9e255]" name="UserWillAbleToOpenTheBrowser" is-config="true" duration-ms="4640" started-at="2020-04-27T12:33:50 CDT" finished-at="2020-04-27T12:33:54 CDT">
          <reporter-output>
          </reporter-output>
        </test-method> <!-- UserWillAbleToOpenTheBrowser -->
        <test-method status="PASS" signature="UserWillBeAbleToLoginThePage()[pri:1, instance:stay_Safe.Oliver_Baby@4b9e255]" name="UserWillBeAbleToLoginThePage" duration-ms="1986" started-at="2020-04-27T12:33:54 CDT" finished-at="2020-04-27T12:33:56 CDT">
          <reporter-output>
          </reporter-output>
        </test-method> <!-- UserWillBeAbleToLoginThePage -->
        <test-method status="PASS" signature="UserAbleToCloseAllWindow()[pri:0, instance:stay_Safe.Oliver_Baby@4b9e255]" name="UserAbleToCloseAllWindow" is-config="true" duration-ms="2943" started-at="2020-04-27T12:33:56 CDT" finished-at="2020-04-27T12:33:59 CDT">
          <reporter-output>
          </reporter-output>
        </test-method> <!-- UserAbleToCloseAllWindow -->
        <test-method status="PASS" signature="UserWillAbleToOpenTheBrowser()[pri:0, instance:stay_Safe.Oliver_Baby@4b9e255]" name="UserWillAbleToOpenTheBrowser" is-config="true" duration-ms="4129" started-at="2020-04-27T12:33:59 CDT" finished-at="2020-04-27T12:34:03 CDT">
          <reporter-output>
          </reporter-output>
        </test-method> <!-- UserWillAbleToOpenTheBrowser -->
        <test-method status="FAIL" signature="UserWIllAbleToAddNewProduct()[pri:2, instance:stay_Safe.Oliver_Baby@4b9e255]" name="UserWIllAbleToAddNewProduct" duration-ms="18877" started-at="2020-04-27T12:34:03 CDT" finished-at="2020-04-27T12:34:22 CDT">
          <exception class="org.openqa.selenium.NoSuchElementException">
            <message>
              <![CDATA[no such element: Unable to locate element: {"method":"link text","selector":"Stay home and stay safe"}
  (Session info: chrome=81.0.4044.122)
For documentation on this error, please visit: http://seleniumhq.org/exceptions/no_such_element.html
Build info: version: '3.14.0', revision: 'aacccce0', time: '2018-08-02T20:19:58.91Z'
System info: host: 'DESKTOP-C2KOF2B', ip: '192.168.198.1', os.name: 'Windows 10', os.arch: 'amd64', os.version: '10.0', java.version: '1.8.0_221'
Driver info: org.openqa.selenium.chrome.ChromeDriver
Capabilities {acceptInsecureCerts: false, browserName: chrome, browserVersion: 81.0.4044.122, chrome: {chromedriverVersion: 81.0.4044.69 (6813546031a4b..., userDataDir: C:\Users\gayat\AppData\Loca...}, goog:chromeOptions: {debuggerAddress: localhost:56505}, javascriptEnabled: true, networkConnectionEnabled: false, pageLoadStrategy: normal, platform: WINDOWS, platformName: WINDOWS, proxy: Proxy(), setWindowRect: true, strictFileInteractability: false, timeouts: {implicit: 0, pageLoad: 300000, script: 30000}, unhandledPromptBehavior: dismiss and notify, webauthn:virtualAuthenticators: true}
Session ID: cc7c62dc1d35b9e075b879041cce0bbd
*** Element info: {Using=link text, value=Stay home and stay safe}]]>
            </message>
            <full-stacktrace>
              <![CDATA[org.openqa.selenium.NoSuchElementException: no such element: Unable to locate element: {"method":"link text","selector":"Stay home and stay safe"}
  (Session info: chrome=81.0.4044.122)
For documentation on this error, please visit: http://seleniumhq.org/exceptions/no_such_element.html
Build info: version: '3.14.0', revision: 'aacccce0', time: '2018-08-02T20:19:58.91Z'
System info: host: 'DESKTOP-C2KOF2B', ip: '192.168.198.1', os.name: 'Windows 10', os.arch: 'amd64', os.version: '10.0', java.version: '1.8.0_221'
Driver info: org.openqa.selenium.chrome.ChromeDriver
Capabilities {acceptInsecureCerts: false, browserName: chrome, browserVersion: 81.0.4044.122, chrome: {chromedriverVersion: 81.0.4044.69 (6813546031a4b..., userDataDir: C:\Users\gayat\AppData\Loca...}, goog:chromeOptions: {debuggerAddress: localhost:56505}, javascriptEnabled: true, networkConnectionEnabled: false, pageLoadStrategy: normal, platform: WINDOWS, platformName: WINDOWS, proxy: Proxy(), setWindowRect: true, strictFileInteractability: false, timeouts: {implicit: 0, pageLoad: 300000, script: 30000}, unhandledPromptBehavior: dismiss and notify, webauthn:virtualAuthenticators: true}
Session ID: cc7c62dc1d35b9e075b879041cce0bbd
*** Element info: {Using=link text, value=Stay home and stay safe}
at sun.reflect.NativeConstructorAccessorImpl.newInstance0(Native Method)
at sun.reflect.NativeConstructorAccessorImpl.newInstance(NativeConstructorAccessorImpl.java:62)
at sun.reflect.DelegatingConstructorAccessorImpl.newInstance(DelegatingConstructorAccessorImpl.java:45)
at java.lang.reflect.Constructor.newInstance(Constructor.java:423)
at org.openqa.selenium.remote.http.W3CHttpResponseCodec.createException(W3CHttpResponseCodec.java:187)
at org.openqa.selenium.remote.http.W3CHttpResponseCodec.decode(W3CHttpResponseCodec.java:122)
at org.openqa.selenium.remote.http.W3CHttpResponseCodec.decode(W3CHttpResponseCodec.java:49)
at org.openqa.selenium.remote.HttpCommandExecutor.execute(HttpCommandExecutor.java:158)
at org.openqa.selenium.remote.service.DriverCommandExecutor.execute(DriverCommandExecutor.java:83)
at org.openqa.selenium.remote.RemoteWebDriver.execute(RemoteWebDriver.java:548)
at org.openqa.selenium.remote.RemoteWebDriver.findElement(RemoteWebDriver.java:322)
at org.openqa.selenium.remote.RemoteWebDriver.findElementByLinkText(RemoteWebDriver.java:376)
at org.openqa.selenium.By$ByLinkText.findElement(By.java:220)
at org.openqa.selenium.remote.RemoteWebDriver.findElement(RemoteWebDriver.java:314)
at stay_Safe.Oliver_Baby.UserWIllAbleToAddNewProduct(Oliver_Baby.java:61)
at sun.reflect.NativeMethodAccessorImpl.invoke0(Native Method)
at sun.reflect.NativeMethodAccessorImpl.invoke(NativeMethodAccessorImpl.java:62)
at sun.reflect.DelegatingMethodAccessorImpl.invoke(DelegatingMethodAccessorImpl.java:43)
at java.lang.reflect.Method.invoke(Method.java:498)
at org.testng.internal.MethodInvocationHelper.invokeMethod(MethodInvocationHelper.java:133)
at org.testng.internal.TestInvoker.invokeMethod(TestInvoker.java:584)
at org.testng.internal.TestInvoker.invokeTestMethod(TestInvoker.java:172)
at org.testng.internal.MethodRunner.runInSequence(MethodRunner.java:46)
at org.testng.internal.TestInvoker$MethodInvocationAgent.invoke(TestInvoker.java:804)
at org.testng.internal.TestInvoker.invokeTestMethods(TestInvoker.java:145)
at org.testng.internal.TestMethodWorker.invokeTestMethods(TestMethodWorker.java:146)
at org.testng.internal.TestMethodWorker.run(TestMethodWorker.java:128)
at java.util.ArrayList.forEach(ArrayList.java:1257)
at org.testng.TestRunner.privateRun(TestRunner.java:770)
at org.testng.TestRunner.run(TestRunner.java:591)
at org.testng.SuiteRunner.runTest(SuiteRunner.java:402)
at org.testng.SuiteRunner.runSequentially(SuiteRunner.java:396)
at org.testng.SuiteRunner.privateRun(SuiteRunner.java:355)
at org.testng.SuiteRunner.run(SuiteRunner.java:304)
at org.testng.SuiteRunnerWorker.runSuite(SuiteRunnerWorker.java:53)
at org.testng.SuiteRunnerWorker.run(SuiteRunnerWorker.java:96)
at org.testng.TestNG.runSuitesSequentially(TestNG.java:1180)
at org.testng.TestNG.runSuitesLocally(TestNG.java:1102)
at org.testng.TestNG.runSuites(TestNG.java:1032)
at org.testng.TestNG.run(TestNG.java:1000)
at org.testng.remote.AbstractRemoteTestNG.run(AbstractRemoteTestNG.java:115)
at org.testng.remote.RemoteTestNG.initAndRun(RemoteTestNG.java:251)
at org.testng.remote.RemoteTestNG.main(RemoteTestNG.java:77)
]]>
            </full-stacktrace>
          </exception> <!-- org.openqa.selenium.NoSuchElementException -->
          <reporter-output>
          </reporter-output>
        </test-method> <!-- UserWIllAbleToAddNewProduct -->
        <test-method status="PASS" signature="UserAbleToCloseAllWindow()[pri:0, instance:stay_Safe.Oliver_Baby@4b9e255]" name="UserAbleToCloseAllWindow" is-config="true" duration-ms="746" started-at="2020-04-27T12:34:22 CDT" finished-at="2020-04-27T12:34:23 CDT">
          <reporter-output>
          </reporter-output>
        </test-method> <!-- UserAbleToCloseAllWindow -->
      </class> <!-- stay_Safe.Oliver_Baby -->
    </test> <!-- Default test -->
  </suite> <!-- Default suite -->
</testng-results>
